<?xml version="1.0" encoding="UTF-8"?>
<!-- Generated by org.testng.reporters.JUnitReportReporter -->
<testsuite hostname="LT-46156BLR" failures="0" tests="1" name="com.cxt.cxt.Demo" time="0.027" errors="0" timestamp="26 Mar 2019 07:27:21 GMT" skipped="0">
  <testcase classname="com.cxt.cxt.Demo" name="f" time="0.027"/>
</testsuite> <!-- com.cxt.cxt.Demo -->
