<?xml version="1.0" encoding="UTF-8"?>
<!-- Generated by org.testng.reporters.JUnitReportReporter -->
<testsuite hostname="LT-46156BLR" failures="0" tests="1" name="tests.Login" time="1.501" errors="0" timestamp="2019-04-02T16:16:48 IST" skipped="0">
  <testcase classname="tests.Login" name="loginTestPOM" time="1.501"/>
</testsuite> <!-- tests.Login -->
